Started GET "/" for ::1 at 2019-07-19 16:10:27 -0400
Processing by Rails::WelcomeController#index as HTML
  Rendering C:/Ruby25-x64/lib/ruby/gems/2.5.0/gems/railties-5.1.7/lib/rails/templates/rails/welcome/index.html.erb
  Rendered C:/Ruby25-x64/lib/ruby/gems/2.5.0/gems/railties-5.1.7/lib/rails/templates/rails/welcome/index.html.erb (4.9ms)
Completed 200 OK in 454ms (Views: 29.5ms)


Started GET "/" for ::1 at 2019-07-19 18:45:45 -0400
Processing by Rails::WelcomeController#index as HTML
  Rendering C:/Ruby25-x64/lib/ruby/gems/2.5.0/gems/railties-5.1.7/lib/rails/templates/rails/welcome/index.html.erb
  Rendered C:/Ruby25-x64/lib/ruby/gems/2.5.0/gems/railties-5.1.7/lib/rails/templates/rails/welcome/index.html.erb (7.7ms)
Completed 200 OK in 879ms (Views: 49.8ms)


Started GET "/" for ::1 at 2019-07-19 18:52:31 -0400
Processing by LandingController#index as HTML
  Rendering landing/index.html.erb within layouts/application
  Rendered landing/index.html.erb within layouts/application (0.2ms)
Completed 500 Internal Server Error in 3104ms


  
ActionView::Template::Error (TypeError: Object doesn't support this property or method):
    4:     <title>MontyArchiveWebsite</title>
    5:     <%= csrf_meta_tags %>
    6: 
    7:     <%= stylesheet_link_tag    'application', media: 'all', 'data-turbolinks-track': 'reload' %>
    8:     <%= javascript_include_tag 'application', 'data-turbolinks-track': 'reload' %>
    9:   </head>
   10: 
  
app/views/layouts/application.html.erb:7:in `_app_views_layouts_application_html_erb__1013766417_58036120'
Started GET "/" for ::1 at 2019-07-19 18:56:58 -0400
Processing by LandingController#index as HTML
  Rendering landing/index.html.erb within layouts/application
  Rendered landing/index.html.erb within layouts/application (0.3ms)
Completed 500 Internal Server Error in 868ms


  
ActionView::Template::Error (The asset "default.css" is not present in the asset pipeline.):
    4:     <title>MontyArchiveWebsite</title>
    5:     <%= csrf_meta_tags %>
    6: 
    7:     <%= stylesheet_link_tag    'default', media: 'all', 'data-turbolinks-track': 'reload' %>
    8:     <%= javascript_include_tag 'default', 'data-turbolinks-track': 'reload' %>
    9:   </head>
   10: 
  
app/views/layouts/application.html.erb:7:in `_app_views_layouts_application_html_erb__1013766417_104979780'
Started GET "/" for ::1 at 2019-07-19 18:59:18 -0400
Processing by LandingController#index as HTML
  Rendering landing/index.html.erb within layouts/application
  Rendered landing/index.html.erb within layouts/application (0.3ms)
Completed 500 Internal Server Error in 1281ms


  
ActionView::Template::Error (TypeError: Object doesn't support this property or method):
    4:     <title>MontyArchiveWebsite</title>
    5:     <%= csrf_meta_tags %>
    6: 
    7:     <%= stylesheet_link_tag    'application', media: 'all', 'data-turbolinks-track': 'reload' %>
    8:     <%= javascript_include_tag 'application', 'data-turbolinks-track': 'reload' %>
    9:   </head>
   10: 
  
app/views/layouts/application.html.erb:7:in `_app_views_layouts_application_html_erb__1013766417_95857520'
Started GET "/" for ::1 at 2019-07-19 19:00:06 -0400
Processing by Rails::WelcomeController#index as HTML
  Rendering C:/Ruby25-x64/lib/ruby/gems/2.5.0/gems/railties-5.1.7/lib/rails/templates/rails/welcome/index.html.erb
  Rendered C:/Ruby25-x64/lib/ruby/gems/2.5.0/gems/railties-5.1.7/lib/rails/templates/rails/welcome/index.html.erb (1.1ms)
Completed 200 OK in 45ms (Views: 23.5ms)


Started GET "/" for ::1 at 2019-07-19 19:00:24 -0400
Processing by LandingController#index as HTML
  Rendering landing/index.html.erb within layouts/application
  Rendered landing/index.html.erb within layouts/application (0.3ms)
Completed 500 Internal Server Error in 1331ms


  
ActionView::Template::Error (TypeError: Object doesn't support this property or method):
    4:     <title>MontyArchiveWebsite</title>
    5:     <%= csrf_meta_tags %>
    6: 
    7:     <%= stylesheet_link_tag    'application', media: 'all', 'data-turbolinks-track': 'reload' %>
    8:     <%= javascript_include_tag 'application', 'data-turbolinks-track': 'reload' %>
    9:   </head>
   10: 
  
app/views/layouts/application.html.erb:7:in `_app_views_layouts_application_html_erb__1013766417_94416640'
Started GET "/" for ::1 at 2019-07-19 19:01:50 -0400
Processing by LandingController#index as HTML
  Rendering landing/index.html.erb within layouts/application
  Rendered landing/index.html.erb within layouts/application (0.3ms)
Completed 500 Internal Server Error in 1300ms


  
ActionView::Template::Error (TypeError: Object doesn't support this property or method):
    4:     <title>MontyArchiveWebsite</title>
    5:     <%= csrf_meta_tags %>
    6: 
    7:     <%= stylesheet_link_tag    'application', media: 'all', 'data-turbolinks-track': 'reload' %>
    8:     <%= javascript_include_tag 'application', 'data-turbolinks-track': 'reload' %>
    9:   </head>
   10: 
  
app/views/layouts/application.html.erb:7:in `_app_views_layouts_application_html_erb__1013766417_100059060'
Started GET "/" for ::1 at 2019-07-19 19:07:57 -0400
Processing by LandingController#index as HTML
  Rendering landing/index.html.erb within layouts/application
  Rendered landing/index.html.erb within layouts/application (0.3ms)
Completed 500 Internal Server Error in 1363ms


  
ActionView::Template::Error (TypeError: Object doesn't support this property or method):
    4:     <title>MontyArchiveWebsite</title>
    5:     <%= csrf_meta_tags %>
    6: 
    7:     <%= stylesheet_link_tag    'application', media: 'all', 'data-turbolinks-track': 'reload' %>
    8:     <%= javascript_include_tag 'application', 'data-turbolinks-track': 'reload' %>
    9:   </head>
   10: 
  
app/views/layouts/application.html.erb:7:in `_app_views_layouts_application_html_erb__1013766417_104992480'
Started GET "/" for ::1 at 2019-07-19 19:08:16 -0400
Processing by LandingController#index as HTML
  Rendering landing/index.html.erb within layouts/application
  Rendered landing/index.html.erb within layouts/application (0.3ms)
Completed 500 Internal Server Error in 1399ms


  
ActionView::Template::Error (TypeError: Object doesn't support this property or method):
    4:     <title>MontyArchiveWebsite</title>
    5:     <%= csrf_meta_tags %>
    6: 
    7:     <%= stylesheet_link_tag    'application', media: 'all', 'data-turbolinks-track': 'reload' %>
    8:     <%= javascript_include_tag 'application', 'data-turbolinks-track': 'reload' %>
    9:   </head>
   10: 
  
app/views/layouts/application.html.erb:7:in `_app_views_layouts_application_html_erb__1013766417_59662620'
Started GET "/" for ::1 at 2019-07-19 19:08:17 -0400
Processing by LandingController#index as HTML
  Rendering landing/index.html.erb within layouts/application
  Rendered landing/index.html.erb within layouts/application (0.3ms)
Completed 500 Internal Server Error in 1282ms


  
ActionView::Template::Error (TypeError: Object doesn't support this property or method):
    4:     <title>MontyArchiveWebsite</title>
    5:     <%= csrf_meta_tags %>
    6: 
    7:     <%= stylesheet_link_tag    'application', media: 'all', 'data-turbolinks-track': 'reload' %>
    8:     <%= javascript_include_tag 'application', 'data-turbolinks-track': 'reload' %>
    9:   </head>
   10: 
  
app/views/layouts/application.html.erb:7:in `_app_views_layouts_application_html_erb__1013766417_94615440'
Started GET "/" for ::1 at 2019-07-19 19:10:36 -0400
Processing by LandingController#index as HTML
  Rendering landing/index.html.erb within layouts/application
  Rendered landing/index.html.erb within layouts/application (0.3ms)
Completed 500 Internal Server Error in 896ms


  
ActionView::Template::Error (The asset "default.css" is not present in the asset pipeline.):
    4:     <title>MontyArchiveWebsite</title>
    5:     <%= csrf_meta_tags %>
    6: 
    7:     <%= stylesheet_link_tag    'default', media: 'all', 'data-turbolinks-track': 'reload' %>
    8:     <%= javascript_include_tag 'default', 'data-turbolinks-track': 'reload' %>
    9:   </head>
   10: 
  
app/views/layouts/application.html.erb:7:in `_app_views_layouts_application_html_erb__1013766417_98751360'
Started GET "/" for ::1 at 2019-07-19 19:12:10 -0400
Processing by LandingController#index as HTML
  Rendering landing/index.html.erb within layouts/application
  Rendered landing/index.html.erb within layouts/application (0.3ms)
Completed 500 Internal Server Error in 1769ms


  
ActionView::Template::Error (TypeError: Object doesn't support this property or method):
    4:     <title>MontyArchiveWebsite</title>
    5:     <%= csrf_meta_tags %>
    6: 
    7:     <%= stylesheet_link_tag    'default', media: 'all', 'data-turbolinks-track': 'reload' %>
    8:     <%= javascript_include_tag 'default', 'data-turbolinks-track': 'reload' %>
    9:   </head>
   10: 
  
app/views/layouts/application.html.erb:7:in `_app_views_layouts_application_html_erb__1013766417_99751940'
Started GET "/" for ::1 at 2019-07-19 19:12:51 -0400
Processing by LandingController#index as HTML
  Rendering landing/index.html.erb within layouts/application
  Rendered landing/index.html.erb within layouts/application (0.3ms)
Completed 500 Internal Server Error in 1355ms


  
ActionView::Template::Error (TypeError: Object doesn't support this property or method):
    4:     <title>MontyArchiveWebsite</title>
    5:     <%= csrf_meta_tags %>
    6: 
    7:     <%= stylesheet_link_tag    'application', media: 'all', 'data-turbolinks-track': 'reload' %>
    8:     <%= javascript_include_tag 'application', 'data-turbolinks-track': 'reload' %>
    9:   </head>
   10: 
  
app/views/layouts/application.html.erb:7:in `_app_views_layouts_application_html_erb__1013766417_102296940'
Started GET "/" for ::1 at 2019-07-19 19:26:12 -0400
Processing by LandingController#index as HTML
  Rendering landing/index.html.erb within layouts/application
  Rendered landing/index.html.erb within layouts/application (0.3ms)
Completed 500 Internal Server Error in 1334ms


  
ActionView::Template::Error (TypeError: Object doesn't support this property or method):
    4:     <title>MontyArchiveWebsite</title>
    5:     <%= csrf_meta_tags %>
    6: 
    7:     <%= stylesheet_link_tag    'application', media: 'all', 'data-turbolinks-track': 'reload' %>
    8:     <%= javascript_include_tag 'application', 'data-turbolinks-track': 'reload' %>
    9:   </head>
   10: 
  
app/views/layouts/application.html.erb:7:in `_app_views_layouts_application_html_erb__1013766417_103988000'
Started GET "/" for 127.0.0.1 at 2019-07-19 19:26:41 -0400
Processing by LandingController#index as HTML
  Rendering landing/index.html.erb within layouts/application
  Rendered landing/index.html.erb within layouts/application (3.9ms)
Completed 500 Internal Server Error in 2510ms


  
ActionView::Template::Error (TypeError: Object doesn't support this property or method):
    4:     <title>MontyArchiveWebsite</title>
    5:     <%= csrf_meta_tags %>
    6: 
    7:     <%= stylesheet_link_tag    'application', media: 'all', 'data-turbolinks-track': 'reload' %>
    8:     <%= javascript_include_tag 'application', 'data-turbolinks-track': 'reload' %>
    9:   </head>
   10: 
  
app/views/layouts/application.html.erb:7:in `_app_views_layouts_application_html_erb__309404301_66768920'
Started GET "/" for ::1 at 2019-07-19 19:30:19 -0400
Processing by LandingController#index as HTML
  Rendering landing/index.html.erb within layouts/application
  Rendered landing/index.html.erb within layouts/application (7.2ms)
Completed 200 OK in 3001ms (Views: 2024.3ms)


Started GET "/" for ::1 at 2019-07-19 19:30:26 -0400
Processing by LandingController#index as HTML
  Rendering landing/index.html.erb within layouts/application
  Rendered landing/index.html.erb within layouts/application (0.2ms)
Completed 200 OK in 747ms (Views: 582.8ms)


Started GET "/" for ::1 at 2019-07-19 20:50:39 -0400
Processing by LandingController#index as HTML
  Rendering landing/index.html.erb within layouts/application
  Rendered landing/index.html.erb within layouts/application (0.3ms)
Completed 200 OK in 771ms (Views: 608.1ms)


Started GET "/" for ::1 at 2019-07-19 22:36:47 -0400
Processing by LandingController#index as HTML
  Rendering landing/index.html.erb within layouts/application
  Rendered landing/index.html.erb within layouts/application (0.3ms)
Completed 200 OK in 777ms (Views: 621.1ms)


Started GET "/" for ::1 at 2019-07-19 22:40:23 -0400
Processing by LandingController#index as HTML
  Rendering landing/index.html.erb within layouts/application
  Rendered landing/index.html.erb within layouts/application (0.6ms)
Completed 200 OK in 738ms (Views: 579.3ms)


Started GET "/" for ::1 at 2019-07-19 22:40:39 -0400
Processing by LandingController#index as HTML
  Rendering landing/index.html.erb within layouts/application
  Rendered landing/index.html.erb within layouts/application (0.3ms)
Completed 200 OK in 738ms (Views: 574.4ms)


Started GET "/" for ::1 at 2019-07-20 01:26:23 -0400
Processing by LandingController#index as HTML
  Rendering landing/index.html.erb within layouts/application
  Rendered landing/index.html.erb within layouts/application (21.0ms)
Completed 200 OK in 2266ms (Views: 928.9ms)


Started GET "/" for ::1 at 2019-07-20 01:26:53 -0400
Processing by LandingController#index as HTML
  Rendering landing/index.html.erb within layouts/application
  Rendered landing/index.html.erb within layouts/application (1.0ms)
Completed 200 OK in 248ms (Views: 213.4ms)


Started GET "/" for ::1 at 2019-07-20 01:42:25 -0400
Processing by LandingController#index as HTML
  Rendering landing/index.html.erb within layouts/application
  Rendered landing/index.html.erb within layouts/application (1.0ms)
Completed 200 OK in 143ms (Views: 126.1ms)


Started GET "/" for ::1 at 2019-07-20 01:42:29 -0400
Processing by LandingController#index as HTML
  Rendering landing/index.html.erb within layouts/application
  Rendered landing/index.html.erb within layouts/application (1.0ms)
Completed 200 OK in 116ms (Views: 99.5ms)


Started GET "/" for ::1 at 2019-07-20 01:45:12 -0400
Processing by LandingController#index as HTML
  Rendering landing/index.html.erb within layouts/application
  Rendered landing/index.html.erb within layouts/application (1.0ms)
Completed 200 OK in 319ms (Views: 302.0ms)


Started GET "/" for ::1 at 2019-07-20 01:45:23 -0400
Processing by LandingController#index as HTML
  Rendering landing/index.html.erb within layouts/application
  Rendered landing/index.html.erb within layouts/application (0.0ms)
Completed 200 OK in 149ms (Views: 127.8ms)


Started GET "/" for ::1 at 2019-07-20 01:57:12 -0400
Processing by LandingController#index as HTML
  Rendering landing/index.html.erb within layouts/application
  Rendered landing/index.html.erb within layouts/application (0.0ms)
Completed 500 Internal Server Error in 401ms


  
ActionView::Template::Error (undefined local variable or method `about_us_path' for #<#<Class:0x4d90f88>:0x9596268>):
    18: 
    19:         <ul class="nav navbar-nav">
    20:           <li class="active"><a href="#">HOME</a></li>
    21:           <li><%=link_to "ABOUT", about_us_path%></li>
    22:           <li><%=link_to "OUR SERVICES", our_services_path %></li>
    23:           <li><%=link_to "RATES", rates_path %></li>
    24:           <li><%=link_to'CAREERS', careers_path%></li>
  
app/views/layouts/application.html.erb:21:in `_app_views_layouts_application_html_erb___479220638_78413592'
Started GET "/" for ::1 at 2019-07-20 02:00:07 -0400
Processing by LandingController#index as HTML
  Rendering landing/index.html.erb within layouts/application
  Rendered landing/index.html.erb within layouts/application (1.0ms)
Completed 200 OK in 102ms (Views: 84.7ms)


Started GET "/" for ::1 at 2019-07-20 02:00:09 -0400
Processing by LandingController#index as HTML
  Rendering landing/index.html.erb within layouts/application
  Rendered landing/index.html.erb within layouts/application (0.0ms)
Completed 200 OK in 99ms (Views: 77.9ms)


Started GET "/" for ::1 at 2019-07-20 02:00:10 -0400
Processing by LandingController#index as HTML
  Rendering landing/index.html.erb within layouts/application
  Rendered landing/index.html.erb within layouts/application (1.0ms)
Completed 200 OK in 93ms (Views: 78.1ms)


Started GET "/" for ::1 at 2019-07-20 02:00:10 -0400
Processing by LandingController#index as HTML
  Rendering landing/index.html.erb within layouts/application
  Rendered landing/index.html.erb within layouts/application (1.0ms)
Completed 200 OK in 98ms (Views: 82.6ms)


Started GET "/" for ::1 at 2019-07-20 02:07:51 -0400
Processing by LandingController#index as HTML
  Rendering landing/index.html.erb within layouts/application
  Rendered landing/index.html.erb within layouts/application (0.0ms)
Completed 200 OK in 123ms (Views: 105.5ms)


Started GET "/" for ::1 at 2019-07-20 02:08:56 -0400
Processing by LandingController#index as HTML
  Rendering landing/index.html.erb within layouts/application
  Rendered landing/index.html.erb within layouts/application (1.0ms)
Completed 200 OK in 105ms (Views: 87.3ms)


Started GET "/" for ::1 at 2019-07-20 02:09:11 -0400
Processing by LandingController#index as HTML
  Rendering landing/index.html.erb within layouts/application
  Rendered landing/index.html.erb within layouts/application (1.0ms)
Completed 200 OK in 102ms (Views: 85.2ms)


Started GET "/" for ::1 at 2019-07-20 02:14:36 -0400
Processing by LandingController#index as HTML
  Rendering landing/index.html.erb within layouts/application
  Rendered landing/index.html.erb within layouts/application (0.0ms)
Completed 200 OK in 156ms (Views: 138.1ms)


Started GET "/" for ::1 at 2019-07-20 02:21:32 -0400
Processing by LandingController#index as HTML
  Rendering landing/index.html.erb within layouts/application
  Rendered landing/index.html.erb within layouts/application (0.0ms)
Completed 200 OK in 120ms (Views: 101.9ms)


Started GET "/" for ::1 at 2019-07-20 02:21:41 -0400
Processing by LandingController#index as HTML
  Rendering landing/index.html.erb within layouts/application
  Rendered landing/index.html.erb within layouts/application (0.0ms)
Completed 200 OK in 124ms (Views: 106.4ms)


Started GET "/" for ::1 at 2019-07-20 02:21:49 -0400
Processing by LandingController#index as HTML
  Rendering landing/index.html.erb within layouts/application
  Rendered landing/index.html.erb within layouts/application (0.0ms)
Completed 200 OK in 104ms (Views: 87.5ms)


Started GET "/" for ::1 at 2019-07-20 02:49:31 -0400
Processing by LandingController#index as HTML
  Rendering landing/index.html.erb within layouts/application
  Rendered landing/index.html.erb within layouts/application (1.0ms)
Completed 200 OK in 123ms (Views: 105.2ms)


Started GET "/" for ::1 at 2019-07-20 02:49:33 -0400
Processing by LandingController#index as HTML
  Rendering landing/index.html.erb within layouts/application
  Rendered landing/index.html.erb within layouts/application (1.0ms)
Completed 200 OK in 101ms (Views: 85.2ms)


Started GET "/" for ::1 at 2019-07-20 02:51:55 -0400
Processing by LandingController#index as HTML
  Rendering landing/index.html.erb within layouts/application
  Rendered landing/index.html.erb within layouts/application (1.0ms)
Completed 200 OK in 110ms (Views: 93.3ms)


Started GET "/" for ::1 at 2019-07-20 02:52:37 -0400
Processing by LandingController#index as HTML
  Rendering landing/index.html.erb within layouts/application
  Rendered landing/index.html.erb within layouts/application (0.0ms)
Completed 200 OK in 108ms (Views: 90.5ms)


Started GET "/" for ::1 at 2019-07-20 02:52:39 -0400
Processing by LandingController#index as HTML
  Rendering landing/index.html.erb within layouts/application
  Rendered landing/index.html.erb within layouts/application (0.0ms)
Completed 200 OK in 114ms (Views: 97.9ms)


Started GET "/" for ::1 at 2019-07-20 02:53:17 -0400
Processing by LandingController#index as HTML
  Rendering landing/index.html.erb within layouts/application
  Rendered landing/index.html.erb within layouts/application (0.0ms)
Completed 200 OK in 104ms (Views: 87.6ms)


Started GET "/" for ::1 at 2019-07-20 02:53:57 -0400
Processing by LandingController#index as HTML
  Rendering landing/index.html.erb within layouts/application
  Rendered landing/index.html.erb within layouts/application (1.0ms)
Completed 200 OK in 116ms (Views: 99.6ms)


Started GET "/" for ::1 at 2019-07-20 02:53:59 -0400
Processing by LandingController#index as HTML
  Rendering landing/index.html.erb within layouts/application
  Rendered landing/index.html.erb within layouts/application (1.0ms)
Completed 200 OK in 104ms (Views: 87.0ms)


Started GET "/" for ::1 at 2019-07-20 02:53:59 -0400
Processing by LandingController#index as HTML
  Rendering landing/index.html.erb within layouts/application
  Rendered landing/index.html.erb within layouts/application (0.0ms)
Completed 200 OK in 108ms (Views: 90.9ms)


Started GET "/" for ::1 at 2019-07-20 02:54:00 -0400
Processing by LandingController#index as HTML
  Rendering landing/index.html.erb within layouts/application
  Rendered landing/index.html.erb within layouts/application (0.0ms)
Completed 200 OK in 102ms (Views: 85.4ms)


Started GET "/" for ::1 at 2019-07-20 02:54:00 -0400
Processing by LandingController#index as HTML
  Rendering landing/index.html.erb within layouts/application
  Rendered landing/index.html.erb within layouts/application (1.0ms)
Completed 200 OK in 104ms (Views: 86.8ms)


Started GET "/" for ::1 at 2019-07-20 03:01:42 -0400
Processing by LandingController#index as HTML
  Rendering landing/index.html.erb within layouts/application
  Rendered landing/index.html.erb within layouts/application (0.0ms)
Completed 200 OK in 116ms (Views: 98.6ms)


Started GET "/" for ::1 at 2019-07-20 03:01:43 -0400
Processing by LandingController#index as HTML
  Rendering landing/index.html.erb within layouts/application
  Rendered landing/index.html.erb within layouts/application (1.0ms)
Completed 200 OK in 101ms (Views: 84.6ms)


Started GET "/" for ::1 at 2019-07-20 03:02:23 -0400
Processing by LandingController#index as HTML
  Rendering landing/index.html.erb within layouts/application
  Rendered landing/index.html.erb within layouts/application (0.0ms)
Completed 200 OK in 107ms (Views: 89.4ms)


Started GET "/" for ::1 at 2019-07-20 03:04:11 -0400
Processing by LandingController#index as HTML
  Rendering landing/index.html.erb within layouts/application
  Rendered landing/index.html.erb within layouts/application (0.0ms)
Completed 200 OK in 116ms (Views: 98.3ms)


Started GET "/" for ::1 at 2019-07-20 03:04:14 -0400
Processing by LandingController#index as HTML
  Rendering landing/index.html.erb within layouts/application
  Rendered landing/index.html.erb within layouts/application (1.0ms)
Completed 200 OK in 166ms (Views: 135.4ms)


Started GET "/" for ::1 at 2019-07-20 03:04:15 -0400
Processing by LandingController#index as HTML
  Rendering landing/index.html.erb within layouts/application
  Rendered landing/index.html.erb within layouts/application (0.0ms)
Completed 200 OK in 116ms (Views: 98.1ms)


Started GET "/" for ::1 at 2019-07-20 03:04:16 -0400
Processing by LandingController#index as HTML
  Rendering landing/index.html.erb within layouts/application
  Rendered landing/index.html.erb within layouts/application (1.0ms)
Completed 200 OK in 131ms (Views: 113.6ms)


Started GET "/" for ::1 at 2019-07-20 03:04:34 -0400
Processing by LandingController#index as HTML
  Rendering landing/index.html.erb within layouts/application
  Rendered landing/index.html.erb within layouts/application (0.0ms)
Completed 200 OK in 119ms (Views: 101.3ms)


Started GET "/" for ::1 at 2019-07-20 03:05:19 -0400
Processing by LandingController#index as HTML
  Rendering landing/index.html.erb within layouts/application
  Rendered landing/index.html.erb within layouts/application (0.0ms)
Completed 200 OK in 121ms (Views: 104.4ms)


Started GET "/" for ::1 at 2019-07-20 03:05:33 -0400
Processing by LandingController#index as HTML
  Rendering landing/index.html.erb within layouts/application
  Rendered landing/index.html.erb within layouts/application (0.0ms)
Completed 200 OK in 117ms (Views: 99.9ms)


Started GET "/" for ::1 at 2019-07-20 03:05:50 -0400
Processing by LandingController#index as HTML
  Rendering landing/index.html.erb within layouts/application
  Rendered landing/index.html.erb within layouts/application (1.0ms)
Completed 200 OK in 111ms (Views: 94.6ms)


Started GET "/" for ::1 at 2019-07-20 03:27:08 -0400
Processing by LandingController#index as HTML
  Rendering landing/index.html.erb within layouts/application
  Rendered landing/index.html.erb within layouts/application (0.0ms)
Completed 200 OK in 121ms (Views: 103.8ms)


Started GET "/" for ::1 at 2019-07-20 03:27:20 -0400
Processing by LandingController#index as HTML
  Rendering landing/index.html.erb within layouts/application
  Rendered landing/index.html.erb within layouts/application (0.0ms)
Completed 200 OK in 113ms (Views: 96.0ms)


Started GET "/" for ::1 at 2019-07-20 03:27:21 -0400
Processing by LandingController#index as HTML
  Rendering landing/index.html.erb within layouts/application
  Rendered landing/index.html.erb within layouts/application (0.0ms)
Completed 200 OK in 170ms (Views: 151.9ms)


Started GET "/" for ::1 at 2019-07-20 03:27:32 -0400
Processing by LandingController#index as HTML
  Rendering landing/index.html.erb within layouts/application
  Rendered landing/index.html.erb within layouts/application (0.0ms)
Completed 200 OK in 120ms (Views: 102.0ms)


Started GET "/" for ::1 at 2019-07-20 03:27:33 -0400
Processing by LandingController#index as HTML
  Rendering landing/index.html.erb within layouts/application
  Rendered landing/index.html.erb within layouts/application (0.0ms)
Completed 200 OK in 103ms (Views: 85.9ms)


Started GET "/" for ::1 at 2019-07-20 03:27:34 -0400
Processing by LandingController#index as HTML
  Rendering landing/index.html.erb within layouts/application
  Rendered landing/index.html.erb within layouts/application (0.0ms)
Completed 200 OK in 104ms (Views: 86.6ms)


Started GET "/" for ::1 at 2019-07-20 03:27:45 -0400
Processing by LandingController#index as HTML
  Rendering landing/index.html.erb within layouts/application
  Rendered landing/index.html.erb within layouts/application (1.0ms)
Completed 200 OK in 116ms (Views: 99.5ms)


Started GET "/" for ::1 at 2019-07-20 03:27:52 -0400
Processing by LandingController#index as HTML
  Rendering landing/index.html.erb within layouts/application
  Rendered landing/index.html.erb within layouts/application (0.0ms)
Completed 200 OK in 134ms (Views: 118.2ms)


Started GET "/" for ::1 at 2019-07-20 03:53:44 -0400
Processing by LandingController#index as HTML
  Rendering landing/index.html.erb within layouts/application
  Rendered landing/index.html.erb within layouts/application (0.0ms)
Completed 200 OK in 105ms (Views: 87.8ms)


